31-Dec-2018 19:31:07.962 信息 [localhost-startStop-1] org.apache.catalina.core.ApplicationContext.log No Spring WebApplicationInitializer types detected on classpath
31-Dec-2018 19:31:08.163 信息 [localhost-startStop-1] org.apache.catalina.core.ApplicationContext.log Set web app root system property: 'webapp.root' = [D:\smss\apache-tomcat-8.5.37\webapps\ScoreManager\]
31-Dec-2018 19:31:08.373 信息 [localhost-startStop-1] org.apache.catalina.core.ApplicationContext.log Initializing log4j from [classpath:log4j.properties]
31-Dec-2018 19:31:08.389 信息 [localhost-startStop-1] org.apache.catalina.core.ApplicationContext.log Initializing Spring root WebApplicationContext
31-Dec-2018 19:31:12.460 信息 [localhost-startStop-1] org.apache.catalina.core.ApplicationContext.log Initializing Spring FrameworkServlet 'dispatcher'
31-Dec-2018 19:31:13.665 信息 [localhost-startStop-1] org.apache.catalina.core.ApplicationContext.log ContextListener: contextInitialized()
31-Dec-2018 19:31:13.665 信息 [localhost-startStop-1] org.apache.catalina.core.ApplicationContext.log SessionListener: contextInitialized()
31-Dec-2018 19:31:13.665 信息 [localhost-startStop-1] org.apache.catalina.core.ApplicationContext.log ContextListener: attributeAdded('StockTicker', 'async.Stockticker@3af7c8ca')
31-Dec-2018 19:41:38.798 信息 [localhost-startStop-1] org.apache.catalina.core.ApplicationContext.log No Spring WebApplicationInitializer types detected on classpath
31-Dec-2018 19:41:38.956 信息 [localhost-startStop-1] org.apache.catalina.core.ApplicationContext.log Set web app root system property: 'webapp.root' = [D:\ssms\apache-tomcat-8.5.37\webapps\ScoreManager\]
31-Dec-2018 19:41:39.037 信息 [localhost-startStop-1] org.apache.catalina.core.ApplicationContext.log Initializing log4j from [classpath:log4j.properties]
31-Dec-2018 19:41:39.037 信息 [localhost-startStop-1] org.apache.catalina.core.ApplicationContext.log Initializing Spring root WebApplicationContext
31-Dec-2018 19:41:42.203 信息 [localhost-startStop-1] org.apache.catalina.core.ApplicationContext.log Initializing Spring FrameworkServlet 'dispatcher'
31-Dec-2018 19:41:43.267 信息 [localhost-startStop-1] org.apache.catalina.core.ApplicationContext.log ContextListener: contextInitialized()
31-Dec-2018 19:41:43.267 信息 [localhost-startStop-1] org.apache.catalina.core.ApplicationContext.log SessionListener: contextInitialized()
31-Dec-2018 19:41:43.267 信息 [localhost-startStop-1] org.apache.catalina.core.ApplicationContext.log ContextListener: attributeAdded('StockTicker', 'async.Stockticker@5aa78b2a')
31-Dec-2018 20:07:54.554 信息 [localhost-startStop-1] org.apache.catalina.core.ApplicationContext.log ContextListener: contextInitialized()
31-Dec-2018 20:07:54.554 信息 [localhost-startStop-1] org.apache.catalina.core.ApplicationContext.log SessionListener: contextInitialized()
31-Dec-2018 20:07:54.554 信息 [localhost-startStop-1] org.apache.catalina.core.ApplicationContext.log ContextListener: attributeAdded('StockTicker', 'async.Stockticker@62f21d42')
31-Dec-2018 20:07:57.399 信息 [localhost-startStop-1] org.apache.catalina.core.ApplicationContext.log No Spring WebApplicationInitializer types detected on classpath
31-Dec-2018 20:07:57.509 信息 [localhost-startStop-1] org.apache.catalina.core.ApplicationContext.log Set web app root system property: 'webapp.root' = [D:\ssms\apache-tomcat-8.5.37\webapps\ScoreManager\]
31-Dec-2018 20:07:57.587 信息 [localhost-startStop-1] org.apache.catalina.core.ApplicationContext.log Initializing log4j from [classpath:log4j.properties]
31-Dec-2018 20:07:57.602 信息 [localhost-startStop-1] org.apache.catalina.core.ApplicationContext.log Initializing Spring root WebApplicationContext
31-Dec-2018 20:08:00.574 信息 [localhost-startStop-1] org.apache.catalina.core.ApplicationContext.log Initializing Spring FrameworkServlet 'dispatcher'
31-Dec-2018 20:14:50.881 信息 [localhost-startStop-1] org.apache.catalina.core.ApplicationContext.log ContextListener: contextInitialized()
31-Dec-2018 20:14:50.881 信息 [localhost-startStop-1] org.apache.catalina.core.ApplicationContext.log SessionListener: contextInitialized()
31-Dec-2018 20:14:50.881 信息 [localhost-startStop-1] org.apache.catalina.core.ApplicationContext.log ContextListener: attributeAdded('StockTicker', 'async.Stockticker@7f953837')
31-Dec-2018 20:14:53.924 信息 [localhost-startStop-1] org.apache.catalina.core.ApplicationContext.log No Spring WebApplicationInitializer types detected on classpath
31-Dec-2018 20:14:54.018 信息 [localhost-startStop-1] org.apache.catalina.core.ApplicationContext.log Set web app root system property: 'webapp.root' = [D:\ssms\apache-tomcat-8.5.37\webapps\ScoreManager\]
31-Dec-2018 20:14:54.112 信息 [localhost-startStop-1] org.apache.catalina.core.ApplicationContext.log Initializing log4j from [classpath:log4j.properties]
31-Dec-2018 20:14:54.112 信息 [localhost-startStop-1] org.apache.catalina.core.ApplicationContext.log Initializing Spring root WebApplicationContext
31-Dec-2018 20:14:57.240 信息 [localhost-startStop-1] org.apache.catalina.core.ApplicationContext.log Initializing Spring FrameworkServlet 'dispatcher'
